<?xml version="1.0" encoding="UTF-8"?>
<!-- Generated by org.testng.reporters.JUnitReportReporter -->
<testsuite skipped="0" hostname="NB5CG7481SKZ" name="com.bongz.tests.OrangeHRMTests" tests="1" failures="0" timestamp="14 Mar 2021 12:08:59 GMT" time="26.768" errors="0">
  <testcase name="loginLogoutTest" time="26.768" classname="com.bongz.tests.OrangeHRMTests"/>
</testsuite> <!-- com.bongz.tests.OrangeHRMTests -->
