<?xml version="1.0" encoding="UTF-8"?>
<!-- Generated by org.testng.reporters.JUnitReportReporter -->
<testsuite skipped="0" hostname="NB5CG7481SKZ" name="com.bongz.tests.OrangeHRMTests" tests="1" failures="0" timestamp="12 Feb 2021 12:20:19 GMT" time="29.917" errors="0">
  <testcase name="loginLogoutTest" time="29.917" classname="com.bongz.tests.OrangeHRMTests"/>
</testsuite> <!-- com.bongz.tests.OrangeHRMTests -->
