<?xml version="1.0" encoding="UTF-8"?>
<!-- Generated by org.testng.reporters.JUnitReportReporter -->
<testsuite skipped="0" hostname="NB5CG7481SKZ" name="com.bongz.tests.MultiplyTests" tests="1" failures="0" timestamp="02 Mar 2021 13:41:02 GMT" time="139.446" errors="0">
  <testcase name="multiplyOptionsTest" time="139.446" classname="com.bongz.tests.MultiplyTests"/>
</testsuite> <!-- com.bongz.tests.MultiplyTests -->
