<?xml version="1.0" encoding="UTF-8"?>
<!-- Generated by org.testng.reporters.JUnitReportReporter -->
<testsuite skipped="0" hostname="NB5CG7481SKZ" name="com.bongz.tests.MultiplyTests" tests="1" failures="0" timestamp="24 Feb 2021 08:58:33 GMT" time="25.208" errors="0">
  <testcase name="multiplyOptionsTest" time="25.208" classname="com.bongz.tests.MultiplyTests"/>
</testsuite> <!-- com.bongz.tests.MultiplyTests -->
