<?xml version="1.0" encoding="UTF-8"?>
<!-- Generated by org.testng.reporters.JUnitReportReporter -->
<testsuite skipped="0" hostname="NB5CG7481SKZ" name="com.bongz.tests.OrangeHRMTests" tests="1" failures="0" timestamp="19 Feb 2021 10:34:18 GMT" time="55.400" errors="0">
  <testcase name="loginLogoutTest" time="55.400" classname="com.bongz.tests.OrangeHRMTests"/>
</testsuite> <!-- com.bongz.tests.OrangeHRMTests -->
