<?xml version="1.0" encoding="UTF-8"?>
<!-- Generated by org.testng.reporters.JUnitReportReporter -->
<testsuite skipped="0" hostname="NB5CG7481SKZ" name="com.bongz.tests.MultiplyTests" tests="1" failures="0" timestamp="22 Feb 2021 15:12:37 GMT" time="31.919" errors="0">
  <testcase name="multiplyLoginLogoutTest" time="31.919" classname="com.bongz.tests.MultiplyTests"/>
</testsuite> <!-- com.bongz.tests.MultiplyTests -->
